<?xml version="1.0" encoding="UTF-8"?>
<!-- Generated by org.testng.reporters.JUnitReportReporter -->
<testsuite hostname="Sagar" failures="0" tests="2" name="tests.HomePageTest" time="0.016" errors="0" timestamp="2024-07-12T16:12:24 IST" skipped="0">
  <testcase classname="tests.HomePageTest" name="verifyTitle" time="0.016"/>
  <system-out/>
  <testcase classname="tests.HomePageTest" name="verifyLogo" time="0.000"/>
  <system-out/>
</testsuite> <!-- tests.HomePageTest -->
