<?xml version="1.0" encoding="UTF-8"?>
<!-- Generated by org.testng.reporters.JUnitReportReporter -->
<testsuite hostname="Sagar" failures="0" tests="1" name="tests.LoginPageTest" time="0.000" errors="0" timestamp="2024-07-12T16:12:24 IST" skipped="0">
  <testcase classname="tests.LoginPageTest" name="navigateToLoginPage" time="0.000"/>
  <system-out/>
</testsuite> <!-- tests.LoginPageTest -->
