<?xml version="1.0" encoding="UTF-8"?>
<!-- Generated by org.testng.reporters.JUnitReportReporter -->
<testsuite hostname="Sagar" failures="0" tests="2" name="tests.ForumsPageTest" time="0.002" errors="0" timestamp="2024-07-12T16:12:24 IST" skipped="0">
  <testcase classname="tests.ForumsPageTest" name="navigateToForumsPage" time="0.001"/>
  <system-out/>
  <testcase classname="tests.ForumsPageTest" name="verifyForumsHeaderPresent" time="0.001"/>
  <system-out/>
</testsuite> <!-- tests.ForumsPageTest -->
